21:21:22.001 [main] INFO  stepDefinition.Hooks - Display the Phone Error Message
21:59:02.014 [main] INFO  testScenario.TC_001_HotelSearchPage - ********** TC_HotelSearchPage Test Start ******************
21:59:05.709 [main] INFO  testScenario.TC_001_HotelSearchPage - Clicked on Hotel Navbar
21:59:09.110 [main] INFO  testScenario.TC_001_HotelSearchPage - City is Selected
21:59:38.178 [main] INFO  testScenario.TC_001_HotelSearchPage - Hotel is Displayed.
21:59:47.445 [main] INFO  testScenario.TC_002_CruisePage - Pointing to More
21:59:48.699 [main] INFO  testScenario.TC_002_CruisePage - Cruise is selected.
21:59:50.901 [main] INFO  testScenario.TC_002_CruisePage - Clicked on ReadMore.
21:59:51.240 [main] INFO  testScenario.TC_002_CruisePage - Inclusion Points is Printed.
21:59:59.992 [main] INFO  testScenario.TC_003_GiftPage - Pointing to More.
22:00:01.024 [main] INFO  testScenario.TC_003_GiftPage - Gift is Selected.
22:00:01.071 [main] INFO  testScenario.TC_003_GiftPage - Redirected to Gift Voucher Page.
22:00:01.827 [main] INFO  testScenario.TC_003_GiftPage - Scroll to corporate queries
22:00:03.471 [main] INFO  testScenario.TC_003_GiftPage - Phone number is printed.
22:00:05.070 [main] INFO  testScenario.TC_003_GiftPage - Email is is printed.
22:05:17.934 [main] INFO  testScenario.TC_001_HotelSearchPage - ********** TC_HotelSearchPage Test Start ******************
22:05:18.260 [main] INFO  testScenario.TC_001_HotelSearchPage - Clicked on Hotel Navbar
22:05:21.680 [main] INFO  testScenario.TC_001_HotelSearchPage - City is Selected
22:05:22.440 [main] INFO  testScenario.TC_001_HotelSearchPage - CheckOut Date is Selected.
22:05:22.725 [main] INFO  testScenario.TC_001_HotelSearchPage - Added Travellers Upto 4
22:05:25.094 [main] INFO  testScenario.TC_001_HotelSearchPage - Clicked on SearchButton.
22:05:26.217 [main] INFO  testScenario.TC_001_HotelSearchPage - Clicked on UserRating.
22:05:38.785 [main] INFO  testScenario.TC_001_HotelSearchPage - All Aminites is Selected.
22:05:45.884 [main] INFO  testScenario.TC_001_HotelSearchPage - Hotel is Displayed.
22:05:56.365 [main] INFO  testScenario.TC_002_CruisePage - Pointing to More
22:05:57.775 [main] INFO  testScenario.TC_002_CruisePage - Cruise is selected.
22:06:04.572 [main] INFO  testScenario.TC_002_CruisePage - Clicked on ReadMore.
22:06:04.724 [main] INFO  testScenario.TC_002_CruisePage - Inclusion Points is Printed.
22:06:14.137 [main] INFO  testScenario.TC_003_GiftPage - Pointing to More.
22:06:15.360 [main] INFO  testScenario.TC_003_GiftPage - Gift is Selected.
22:06:15.786 [main] INFO  testScenario.TC_003_GiftPage - Redirected to Gift Voucher Page.
22:06:16.779 [main] INFO  testScenario.TC_003_GiftPage - Scroll to corporate queries
22:06:18.344 [main] INFO  testScenario.TC_003_GiftPage - Phone number is printed.
22:06:19.929 [main] INFO  testScenario.TC_003_GiftPage - Email is is printed.
22:17:49.836 [main] INFO  stepDefinition.Hooks - ----------------------------------
22:17:49.840 [main] INFO  stepDefinition.Hooks - ----- Hotel Search Test Case Starts ------
22:17:49.841 [main] INFO  stepDefinition.Hooks - ----------------------------------
22:17:49.841 [main] INFO  stepDefinition.Hooks - User is On Yatra.com Page
22:17:49.979 [main] INFO  stepDefinition.Hooks - User Clicked on the Hotel Navbar
22:17:56.391 [main] INFO  stepDefinition.Hooks - User Entered the Location
22:17:57.094 [main] INFO  stepDefinition.Hooks - User Pickup the Checkout Date
22:17:57.329 [main] INFO  stepDefinition.Hooks - User add 4 Pepoles
22:18:17.412 [main] INFO  stepDefinition.Hooks - ----------------------------------
22:18:17.413 [main] INFO  stepDefinition.Hooks - ----------- CruisePage Test case Starts -----------
22:18:17.413 [main] INFO  stepDefinition.Hooks - ----------------------------------
22:18:17.413 [main] INFO  stepDefinition.Hooks - User is on the Home Page
22:18:17.413 [main] INFO  stepDefinition.Hooks - User Mouse over on the +more 
22:18:18.616 [main] INFO  stepDefinition.Hooks - User Click on the Cruise 
22:18:18.617 [main] INFO  stepDefinition.Hooks - User Click on the One Cruise Line
22:18:20.419 [main] INFO  stepDefinition.Hooks - Display the all Inclusion Points 
22:18:29.911 [main] INFO  stepDefinition.Hooks - ----------------------------------
22:18:29.911 [main] INFO  stepDefinition.Hooks - ------------ Gift Page Test Case Starts  ------------
22:18:29.912 [main] INFO  stepDefinition.Hooks - ----------------------------------
22:18:29.912 [main] INFO  stepDefinition.Hooks - User is on the Home Page
22:18:29.912 [main] INFO  stepDefinition.Hooks - User Mouse over on the +more 
22:18:31.205 [main] INFO  stepDefinition.Hooks - User Clicked on the Gift Voucher from the List
22:18:31.307 [main] INFO  stepDefinition.Hooks - User is On GiftVoucher Page
22:18:32.175 [main] INFO  stepDefinition.Hooks - User Scroll to the Corporate Queries
22:18:34.333 [main] INFO  stepDefinition.Hooks - Display the Email Error Message
